<?xml version="1.0" encoding="utf-8"?>
<!DOCTYPE hibernate-configuration PUBLIC
	"-//Hibernate/Hibernate Configuration DTD 3.0//EN"
	"http://hibernate.sourceforge.net/hibernate-configuration-3.0.dtd">

<hibernate-configuration>
	<session-factory>
		<mapping resource="ServiceProviders.hbm.xml" />
<mapping resource="Services.hbm.xml" />
<mapping resource="Appointment.hbm.xml" />
<mapping resource="ChangedAppointment.hbm.xml" />
<mapping resource="AppointmentState.hbm.xml" />

	</session-factory>
</hibernate-configuration>
